General Logger:	2024/01/13 10:31:11 logger.go:29: 


Application restarted ---------
General Logger:	2024/01/13 10:31:11 main.go:39: Auth Svc on :50051
General Logger:	2024/01/13 10:35:37 logger.go:29: 


Application restarted ---------
General Logger:	2024/01/13 10:35:37 database.go:27: Database connected succesfully....
General Logger:	2024/01/13 10:35:37 main.go:39: Auth Svc connected on :50051
General Logger:	2024/01/13 10:49:54 logger.go:29: 


Application restarted ---------
General Logger:	2024/01/13 10:49:54 database.go:27: Database connected succesfully....
General Logger:	2024/01/13 10:49:54 main.go:39: Auth Svc connected on :50051
General Logger:	2024/01/13 10:51:00 logger.go:29: 


Application restarted ---------
Error Logger:	2024/01/13 10:51:00 database.go:28: ERROR: column "latitude" of relation "user_details" contains null values (SQLSTATE 23502)
General Logger:	2024/01/13 10:51:00 database.go:31: Database connected succesfully....
General Logger:	2024/01/13 10:51:00 main.go:39: Auth Svc connected on :50051
General Logger:	2024/01/13 12:19:38 logger.go:29: 


Application restarted ---------
General Logger:	2024/01/13 12:19:38 database.go:31: Database connected succesfully....
General Logger:	2024/01/13 12:19:38 main.go:39: Auth Svc connected on :50051
General Logger:	2024/01/13 12:24:32 logger.go:29: 


Application restarted ---------
General Logger:	2024/01/13 12:24:32 database.go:31: Database connected succesfully....
General Logger:	2024/01/13 12:24:32 main.go:39: Auth Svc connected on :50051
General Logger:	2024/01/13 13:07:32 logger.go:29: 


Application restarted ---------
General Logger:	2024/01/13 13:07:33 database.go:31: Database connected succesfully....
General Logger:	2024/01/13 13:07:33 main.go:39: Auth Svc connected on :50051
General Logger:	2024/01/15 09:59:51 logger.go:29: 


Application restarted ---------
General Logger:	2024/01/15 09:59:52 database.go:31: Database connected succesfully....
General Logger:	2024/01/15 09:59:52 main.go:39: Auth Svc connected on :50051
General Logger:	2024/01/16 09:36:51 logger.go:29: 


Application restarted ---------
General Logger:	2024/01/16 09:36:52 database.go:31: Database connected succesfully....
General Logger:	2024/01/16 09:36:52 main.go:39: Auth Svc connected on :50051
General Logger:	2024/01/16 16:00:42 logger.go:29: 


Application restarted ---------
General Logger:	2024/01/16 16:00:42 database.go:31: Database connected succesfully....
General Logger:	2024/01/16 16:00:42 main.go:39: Auth Svc connected on :50051
General Logger:	2024/01/17 10:48:26 logger.go:29: 


Application restarted ---------
General Logger:	2024/01/17 10:48:26 database.go:31: Database connected succesfully....
General Logger:	2024/01/17 10:48:26 main.go:39: Auth Svc connected on :50051
General Logger:	2024/01/17 13:54:14 logger.go:29: 


Application restarted ---------
General Logger:	2024/01/17 13:54:14 database.go:31: Database connected succesfully....
General Logger:	2024/01/17 13:54:14 main.go:39: Auth Svc connected on :50051
General Logger:	2024/01/17 14:07:38 logger.go:29: 


Application restarted ---------
General Logger:	2024/01/17 14:07:39 database.go:31: Database connected succesfully....
General Logger:	2024/01/17 14:07:39 main.go:39: Auth Svc connected on :50051
Error Logger:	2024/01/17 14:15:19 user.go:48: incorrect otp
Error Logger:	2024/01/17 14:15:50 user.go:48: incorrect otp
General Logger:	2024/01/18 09:36:45 logger.go:29: 


Application restarted ---------
General Logger:	2024/01/18 09:36:45 database.go:31: Database connected succesfully....
General Logger:	2024/01/18 09:36:45 main.go:39: Auth Svc connected on :50051
